{
  "RSpec": {
    "coverage": {
      "/Users/lisaeriksson/Documents/projects/jak-sie-masz-slowfood/app/helpers/application_helper.rb": [
        1,
        null
      ],
      "/Users/lisaeriksson/Documents/projects/jak-sie-masz-slowfood/app/models/restaurant.rb": [
        1,
        1,
        null
      ],
      "/Users/lisaeriksson/Documents/projects/jak-sie-masz-slowfood/app/models/application_record.rb": [
        1,
        1,
        null
      ],
      "/Users/lisaeriksson/Documents/projects/jak-sie-masz-slowfood/app/mailers/application_mailer.rb": [
        0,
        0,
        0,
        0
      ],
      "/Users/lisaeriksson/Documents/projects/jak-sie-masz-slowfood/app/jobs/application_job.rb": [
        0,
        0
      ],
      "/Users/lisaeriksson/Documents/projects/jak-sie-masz-slowfood/app/controllers/application_controller.rb": [
        0,
        0,
        0
      ],
      "/Users/lisaeriksson/Documents/projects/jak-sie-masz-slowfood/app/controllers/restaurant_controller.rb": [
        0,
        0,
        0,
        0,
        0
      ],
      "/Users/lisaeriksson/Documents/projects/jak-sie-masz-slowfood/app/channels/application_cable/connection.rb": [
        0,
        0,
        0,
        0
      ],
      "/Users/lisaeriksson/Documents/projects/jak-sie-masz-slowfood/app/channels/application_cable/channel.rb": [
        0,
        0,
        0,
        0
      ]
    },
    "timestamp": 1515663892
  }
}
